#
# A fatal error has been detected by the Java Runtime Environment:
#
#  EXCEPTION_ACCESS_VIOLATION (0xc0000005) at pc=0x000000005bc0388f, pid=4236, tid=3252
#
# JRE version: Java(TM) SE Runtime Environment (8.0_65-b17) (build 1.8.0_65-b17)
# Java VM: Java HotSpot(TM) 64-Bit Server VM (25.65-b01 mixed mode windows-amd64 compressed oops)
# Problematic frame:
# C  [atio6axx.dll+0x2b388f]
#
# Failed to write core dump. Minidumps are not enabled by default on client versions of Windows
#
# If you would like to submit a bug report, please visit:
#   http://bugreport.java.com/bugreport/crash.jsp
# The crash happened outside the Java Virtual Machine in native code.
# See problematic frame for where to report the bug.
#

---------------  T H R E A D  ---------------

Current thread (0x000000000211f000):  JavaThread "main" [_thread_in_native, id=3252, stack(0x0000000002330000,0x0000000002430000)]

siginfo: ExceptionCode=0xc0000005, reading address 0x0000000058054000

Registers:
RAX=0xfffffffffffea880, RBX=0x000000005d613dfc, RCX=0x0000000064c2cdf0, RDX=0x0000000058054048
RSP=0x000000000242e3a0, RBP=0x000000005d636ba8, RSI=0x00000000000157b0, RDI=0x0000000064c26fe8
R8 =0x00000000000001f4, R9 =0x0000000000000028, R10=0x0000000064c26ff0, R11=0x0000000000000000
R12=0x0000000000002af6, R13=0x000000005d636198, R14=0x0000000000000000, R15=0x000000005d613740
RIP=0x000000005bc0388f, EFLAGS=0x0000000000010207

Top of Stack: (sp=0x000000000242e3a0)
0x000000000242e3a0:   0000000064c26fe8 000000005bd629ef
0x000000000242e3b0:   000000005d613dfc 0000000000258610
0x000000000242e3c0:   00000000618665b8 0000000000258610
0x000000000242e3d0:   0000000000259000 0000000000258800
0x000000000242e3e0:   0000000000258a30 0000000060def5f0
0x000000000242e3f0:   0000000061bcbe50 000000005c87511c
0x000000000242e400:   0000000077dc6860 0000000000000000
0x000000000242e410:   0000000077395410 0000000000000000
0x000000000242e420:   0000000000000010 0000000000250000
0x000000000242e430:   0000000000000004 0000000000000004
0x000000000242e440:   0000000000250288 00000000772d3488
0x000000000242e450:   0006c4fc00000000 0000000000000004
0x000000000242e460:   0006c50b0191006c 0000000000258a00
0x000000000242e470:   0000000077395410 0000000000000000
0x000000000242e480:   0000000061910908 000000005c86c12e
0x000000000242e490:   0000000061910908 000000005c86c12e 

Instructions: (pc=0x000000005bc0388f)
0x000000005bc0386f:   00 0f 10 02 48 83 e9 80 48 83 ea 80 0f 2b 41 80
0x000000005bc0387f:   0f 10 42 90 0f 2b 41 90 0f 10 42 a0 0f 2b 41 a0
0x000000005bc0388f:   0f 10 42 b0 0f 2b 41 b0 0f 10 42 c0 0f 2b 41 c0
0x000000005bc0389f:   0f 10 42 d0 0f 2b 41 d0 0f 10 42 e0 0f 2b 41 e0 


Register to memory mapping:

RAX=0xfffffffffffea880 is an unknown value
RBX=0x000000005d613dfc is an unknown value
RCX=0x0000000064c2cdf0 is an unknown value
RDX=0x0000000058054048 is an unknown value
RSP=0x000000000242e3a0 is pointing into the stack for thread: 0x000000000211f000
RBP=0x000000005d636ba8 is an unknown value
RSI=0x00000000000157b0 is an unknown value
RDI=0x0000000064c26fe8 is an unknown value
R8 =0x00000000000001f4 is an unknown value
R9 =0x0000000000000028 is an unknown value
R10=0x0000000064c26ff0 is an unknown value
R11=0x0000000000000000 is an unknown value
R12=0x0000000000002af6 is an unknown value
R13=0x000000005d636198 is an unknown value
R14=0x0000000000000000 is an unknown value
R15=0x000000005d613740 is an unknown value


Stack: [0x0000000002330000,0x0000000002430000],  sp=0x000000000242e3a0,  free space=1016k
Native frames: (J=compiled Java code, j=interpreted, Vv=VM code, C=native code)
C  [atio6axx.dll+0x2b388f]
C  [atio6axx.dll+0x4129ef]
C  [atio6axx.dll+0x3c9d6f]
C  [atio6axx.dll+0x347240]
C  [atio6axx.dll+0x538e86]
C  0x0000000002bbc754

Java frames: (J=compiled Java code, j=interpreted, Vv=VM code)
J 1098  org.lwjgl.opengl.GL11.nglDrawArrays(IIIJ)V (0 bytes) @ 0x0000000002bbc6ce [0x0000000002bbc680+0x4e]
J 2628 C1 io.xol.chunkstories.renderer.WeatherEffectsRenderer.renderRain(Lio/xol/chunkstories/renderer/Camera;)V (155 bytes) @ 0x0000000002d54664 [0x0000000002d50fc0+0x36a4]
J 2573 C1 io.xol.chunkstories.renderer.WeatherEffectsRenderer.renderEffects(Lio/xol/chunkstories/renderer/Camera;)V (46 bytes) @ 0x00000000028cb504 [0x00000000028cb340+0x1c4]
J 2414 C1 io.xol.chunkstories.renderer.WorldRenderer.renderWorldAtCamera(Lio/xol/chunkstories/renderer/Camera;)V (623 bytes) @ 0x000000000345e84c [0x000000000345b520+0x332c]
j  io.xol.chunkstories.gui.GameplayScene.update()V+394
j  io.xol.engine.base.XolioWindow.run()V+131
j  io.xol.chunkstories.client.Client.main([Ljava/lang/String;)V+351
v  ~StubRoutines::call_stub

---------------  P R O C E S S  ---------------

Java Threads: ( => current thread )
  0x000000005a271000 JavaThread "Chunk Renderer" [_thread_blocked, id=4692, stack(0x0000000077480000,0x0000000077580000)]
  0x0000000059319800 JavaThread "IO Tasks" [_thread_blocked, id=2800, stack(0x0000000064f80000,0x0000000065080000)]
  0x00000000596fd000 JavaThread "pool-1-thread-1" [_thread_blocked, id=4904, stack(0x0000000064e60000,0x0000000064f60000)]
  0x00000000596fd800 JavaThread "AWT-Windows" daemon [_thread_in_native, id=2468, stack(0x0000000064d40000,0x0000000064e40000)]
  0x0000000057e8b800 JavaThread "Java2D Disposer" daemon [_thread_blocked, id=2496, stack(0x0000000058700000,0x0000000058800000)]
  0x0000000056888000 JavaThread "Service Thread" daemon [_thread_blocked, id=5072, stack(0x0000000057ae0000,0x0000000057be0000)]
  0x000000005680b800 JavaThread "C1 CompilerThread2" daemon [_thread_blocked, id=2460, stack(0x0000000057930000,0x0000000057a30000)]
  0x0000000056802800 JavaThread "C2 CompilerThread1" daemon [_thread_blocked, id=1152, stack(0x0000000057830000,0x0000000057930000)]
  0x00000000567fe800 JavaThread "C2 CompilerThread0" daemon [_thread_blocked, id=2280, stack(0x0000000057330000,0x0000000057430000)]
  0x00000000567ef000 JavaThread "JDWP Command Reader" daemon [_thread_in_native, id=1960, stack(0x00000000575f0000,0x00000000576f0000)]
  0x00000000567ec000 JavaThread "JDWP Event Helper Thread" daemon [_thread_blocked, id=632, stack(0x0000000057470000,0x0000000057570000)]
  0x00000000567e1800 JavaThread "JDWP Transport Listener: dt_socket" daemon [_thread_blocked, id=3764, stack(0x00000000571b0000,0x00000000572b0000)]
  0x00000000550e7800 JavaThread "Attach Listener" daemon [_thread_blocked, id=4044, stack(0x00000000566e0000,0x00000000567e0000)]
  0x00000000550e3800 JavaThread "Signal Dispatcher" daemon [_thread_blocked, id=2668, stack(0x0000000056510000,0x0000000056610000)]
  0x0000000055084000 JavaThread "Finalizer" daemon [_thread_blocked, id=3320, stack(0x00000000563b0000,0x00000000564b0000)]
  0x0000000055083000 JavaThread "Reference Handler" daemon [_thread_blocked, id=4868, stack(0x0000000056160000,0x0000000056260000)]
=>0x000000000211f000 JavaThread "main" [_thread_in_native, id=3252, stack(0x0000000002330000,0x0000000002430000)]

Other Threads:
  0x000000005507b000 VMThread [stack: 0x0000000056010000,0x0000000056110000] [id=5016]
  0x0000000056890800 WatcherThread [stack: 0x0000000057cd0000,0x0000000057dd0000] [id=3620]

VM state:not at safepoint (normal execution)

VM Mutex/Monitor currently owned by a thread: None

Heap:
 PSYoungGen      total 222720K, used 74291K [0x00000000eab00000, 0x00000000fed80000, 0x0000000100000000)
  eden space 123392K, 42% used [0x00000000eab00000,0x00000000ede39360,0x00000000f2380000)
  from space 99328K, 21% used [0x00000000f8c80000,0x00000000fa1d3c20,0x00000000fed80000)
  to   space 103424K, 0% used [0x00000000f2380000,0x00000000f2380000,0x00000000f8880000)
 ParOldGen       total 464896K, used 348555K [0x00000000c0000000, 0x00000000dc600000, 0x00000000eab00000)
  object space 464896K, 74% used [0x00000000c0000000,0x00000000d5462cd0,0x00000000dc600000)
 Metaspace       used 12742K, capacity 13053K, committed 13184K, reserved 1060864K
  class space    used 1260K, capacity 1351K, committed 1408K, reserved 1048576K

Card table byte_map: [0x0000000011ac0000,0x0000000011cd0000] byte_map_base: 0x00000000114c0000

Marking Bits: (ParMarkBitMap*) 0x0000000064a8a5b0
 Begin Bits: [0x00000000124f0000, 0x00000000134f0000)
 End Bits:   [0x00000000134f0000, 0x00000000144f0000)

Polling page: 0x0000000000220000

CodeCache: size=245760Kb used=13075Kb max_used=13551Kb free=232684Kb
 bounds [0x0000000002700000, 0x00000000035a0000, 0x0000000011700000]
 total_blobs=2696 nmethods=2093 adapters=525
 compilation: enabled

Compilation events (10 events):
Event: 25.386 Thread 0x0000000056802800 nmethod 2688 0x0000000002f63c90 code [0x0000000002f63de0, 0x0000000002f64118]
Event: 25.403 Thread 0x000000005680b800 2689       3       io.xol.chunkstories.tools.DebugProfiler::reset (86 bytes)
Event: 25.403 Thread 0x000000005680b800 nmethod 2689 0x000000000301d150 code [0x000000000301d380, 0x000000000301e0f8]
Event: 25.404 Thread 0x00000000567fe800 nmethod 2687 0x0000000002815f50 code [0x0000000002816120, 0x0000000002817018]
Event: 25.430 Thread 0x0000000056802800 2690  s    4       org.lwjgl.opengl.EventQueue::copyEvents (77 bytes)
Event: 25.440 Thread 0x0000000056802800 nmethod 2690 0x000000000292dd50 code [0x000000000292df00, 0x000000000292ec38]
Event: 25.468 Thread 0x000000005680b800 2691       3       io.xol.chunkstories.renderer.SkyDome::render (517 bytes)
Event: 25.486 Thread 0x000000005680b800 nmethod 2691 0x0000000003421dd0 code [0x0000000003423980, 0x0000000003432628]
Event: 25.596 Thread 0x00000000567fe800 2692       4       io.xol.engine.gui.ClickableButton::clicked (16 bytes)
Event: 25.597 Thread 0x00000000567fe800 nmethod 2692 0x0000000002e05dd0 code [0x0000000002e05f00, 0x0000000002e05f58]

GC Heap History (10 events):
Event: 23.483 GC heap before
{Heap before GC invocations=23 (full 3):
 PSYoungGen      total 232960K, used 162529K [0x00000000eab00000, 0x0000000100000000, 0x0000000100000000)
  eden space 116736K, 100% used [0x00000000eab00000,0x00000000f1d00000,0x00000000f1d00000)
  from space 116224K, 39% used [0x00000000f1d00000,0x00000000f49b85a0,0x00000000f8e80000)
  to   space 116224K, 0% used [0x00000000f8e80000,0x00000000f8e80000,0x0000000100000000)
 ParOldGen       total 464896K, used 324931K [0x00000000c0000000, 0x00000000dc600000, 0x00000000eab00000)
  object space 464896K, 69% used [0x00000000c0000000,0x00000000d3d50c88,0x00000000dc600000)
 Metaspace       used 12742K, capacity 13053K, committed 13184K, reserved 1060864K
  class space    used 1260K, capacity 1351K, committed 1408K, reserved 1048576K
Event: 23.505 GC heap after
Heap after GC invocations=23 (full 3):
 PSYoungGen      total 230912K, used 21839K [0x00000000eab00000, 0x00000000ffe00000, 0x0000000100000000)
  eden space 116736K, 0% used [0x00000000eab00000,0x00000000eab00000,0x00000000f1d00000)
  from space 114176K, 19% used [0x00000000f8e80000,0x00000000fa3d3c20,0x00000000ffe00000)
  to   space 115200K, 0% used [0x00000000f1d00000,0x00000000f1d00000,0x00000000f8d80000)
 ParOldGen       total 464896K, used 348547K [0x00000000c0000000, 0x00000000dc600000, 0x00000000eab00000)
  object space 464896K, 74% used [0x00000000c0000000,0x00000000d5460cd0,0x00000000dc600000)
 Metaspace       used 12742K, capacity 13053K, committed 13184K, reserved 1060864K
  class space    used 1260K, capacity 1351K, committed 1408K, reserved 1048576K
}
Event: 24.063 GC heap before
{Heap before GC invocations=24 (full 3):
 PSYoungGen      total 230912K, used 138575K [0x00000000eab00000, 0x00000000ffe00000, 0x0000000100000000)
  eden space 116736K, 100% used [0x00000000eab00000,0x00000000f1d00000,0x00000000f1d00000)
  from space 114176K, 19% used [0x00000000f8e80000,0x00000000fa3d3c20,0x00000000ffe00000)
  to   space 115200K, 0% used [0x00000000f1d00000,0x00000000f1d00000,0x00000000f8d80000)
 ParOldGen       total 464896K, used 348547K [0x00000000c0000000, 0x00000000dc600000, 0x00000000eab00000)
  object space 464896K, 74% used [0x00000000c0000000,0x00000000d5460cd0,0x00000000dc600000)
 Metaspace       used 12742K, capacity 13053K, committed 13184K, reserved 1060864K
  class space    used 1260K, capacity 1351K, committed 1408K, reserved 1048576K
Event: 24.074 GC heap after
Heap after GC invocations=24 (full 3):
 PSYoungGen      total 231936K, used 21871K [0x00000000eab00000, 0x00000000ffc00000, 0x0000000100000000)
  eden space 116736K, 0% used [0x00000000eab00000,0x00000000eab00000,0x00000000f1d00000)
  from space 115200K, 18% used [0x00000000f1d00000,0x00000000f325bc20,0x00000000f8d80000)
  to   space 112640K, 0% used [0x00000000f8e00000,0x00000000f8e00000,0x00000000ffc00000)
 ParOldGen       total 464896K, used 348555K [0x00000000c0000000, 0x00000000dc600000, 0x00000000eab00000)
  object space 464896K, 74% used [0x00000000c0000000,0x00000000d5462cd0,0x00000000dc600000)
 Metaspace       used 12742K, capacity 13053K, committed 13184K, reserved 1060864K
  class space    used 1260K, capacity 1351K, committed 1408K, reserved 1048576K
}
Event: 24.629 GC heap before
{Heap before GC invocations=25 (full 3):
 PSYoungGen      total 231936K, used 138607K [0x00000000eab00000, 0x00000000ffc00000, 0x0000000100000000)
  eden space 116736K, 100% used [0x00000000eab00000,0x00000000f1d00000,0x00000000f1d00000)
  from space 115200K, 18% used [0x00000000f1d00000,0x00000000f325bc20,0x00000000f8d80000)
  to   space 112640K, 0% used [0x00000000f8e00000,0x00000000f8e00000,0x00000000ffc00000)
 ParOldGen       total 464896K, used 348555K [0x00000000c0000000, 0x00000000dc600000, 0x00000000eab00000)
  object space 464896K, 74% used [0x00000000c0000000,0x00000000d5462cd0,0x00000000dc600000)
 Metaspace       used 12742K, capacity 13053K, committed 13184K, reserved 1060864K
  class space    used 1260K, capacity 1351K, committed 1408K, reserved 1048576K
Event: 24.639 GC heap after
Heap after GC invocations=25 (full 3):
 PSYoungGen      total 228352K, used 21839K [0x00000000eab00000, 0x00000000ff780000, 0x0000000100000000)
  eden space 120320K, 0% used [0x00000000eab00000,0x00000000eab00000,0x00000000f2080000)
  from space 108032K, 20% used [0x00000000f8e00000,0x00000000fa353c20,0x00000000ff780000)
  to   space 110080K, 0% used [0x00000000f2080000,0x00000000f2080000,0x00000000f8c00000)
 ParOldGen       total 464896K, used 348555K [0x00000000c0000000, 0x00000000dc600000, 0x00000000eab00000)
  object space 464896K, 74% used [0x00000000c0000000,0x00000000d5462cd0,0x00000000dc600000)
 Metaspace       used 12742K, capacity 13053K, committed 13184K, reserved 1060864K
  class space    used 1260K, capacity 1351K, committed 1408K, reserved 1048576K
}
Event: 25.218 GC heap before
{Heap before GC invocations=26 (full 3):
 PSYoungGen      total 228352K, used 142159K [0x00000000eab00000, 0x00000000ff780000, 0x0000000100000000)
  eden space 120320K, 100% used [0x00000000eab00000,0x00000000f2080000,0x00000000f2080000)
  from space 108032K, 20% used [0x00000000f8e00000,0x00000000fa353c20,0x00000000ff780000)
  to   space 110080K, 0% used [0x00000000f2080000,0x00000000f2080000,0x00000000f8c00000)
 ParOldGen       total 464896K, used 348555K [0x00000000c0000000, 0x00000000dc600000, 0x00000000eab00000)
  object space 464896K, 74% used [0x00000000c0000000,0x00000000d5462cd0,0x00000000dc600000)
 Metaspace       used 12742K, capacity 13053K, committed 13184K, reserved 1060864K
  class space    used 1260K, capacity 1351K, committed 1408K, reserved 1048576K
Event: 25.228 GC heap after
Heap after GC invocations=26 (full 3):
 PSYoungGen      total 230400K, used 21903K [0x00000000eab00000, 0x00000000ff500000, 0x0000000100000000)
  eden space 120320K, 0% used [0x00000000eab00000,0x00000000eab00000,0x00000000f2080000)
  from space 110080K, 19% used [0x00000000f2080000,0x00000000f35e3c20,0x00000000f8c00000)
  to   space 107008K, 0% used [0x00000000f8c80000,0x00000000f8c80000,0x00000000ff500000)
 ParOldGen       total 464896K, used 348555K [0x00000000c0000000, 0x00000000dc600000, 0x00000000eab00000)
  object space 464896K, 74% used [0x00000000c0000000,0x00000000d5462cd0,0x00000000dc600000)
 Metaspace       used 12742K, capacity 13053K, committed 13184K, reserved 1060864K
  class space    used 1260K, capacity 1351K, committed 1408K, reserved 1048576K
}
Event: 25.818 GC heap before
{Heap before GC invocations=27 (full 3):
 PSYoungGen      total 230400K, used 142223K [0x00000000eab00000, 0x00000000ff500000, 0x0000000100000000)
  eden space 120320K, 100% used [0x00000000eab00000,0x00000000f2080000,0x00000000f2080000)
  from space 110080K, 19% used [0x00000000f2080000,0x00000000f35e3c20,0x00000000f8c00000)
  to   space 107008K, 0% used [0x00000000f8c80000,0x00000000f8c80000,0x00000000ff500000)
 ParOldGen       total 464896K, used 348555K [0x00000000c0000000, 0x00000000dc600000, 0x00000000eab00000)
  object space 464896K, 74% used [0x00000000c0000000,0x00000000d5462cd0,0x00000000dc600000)
 Metaspace       used 12742K, capacity 13053K, committed 13184K, reserved 1060864K
  class space    used 1260K, capacity 1351K, committed 1408K, reserved 1048576K
Event: 25.830 GC heap after
Heap after GC invocations=27 (full 3):
 PSYoungGen      total 222720K, used 21839K [0x00000000eab00000, 0x00000000fed80000, 0x0000000100000000)
  eden space 123392K, 0% used [0x00000000eab00000,0x00000000eab00000,0x00000000f2380000)
  from space 99328K, 21% used [0x00000000f8c80000,0x00000000fa1d3c20,0x00000000fed80000)
  to   space 103424K, 0% used [0x00000000f2380000,0x00000000f2380000,0x00000000f8880000)
 ParOldGen       total 464896K, used 348555K [0x00000000c0000000, 0x00000000dc600000, 0x00000000eab00000)
  object space 464896K, 74% used [0x00000000c0000000,0x00000000d5462cd0,0x00000000dc600000)
 Metaspace       used 12742K, capacity 13053K, committed 13184K, reserved 1060864K
  class space    used 1260K, capacity 1351K, committed 1408K, reserved 1048576K
}

Deoptimization events (10 events):
Event: 19.197 Thread 0x000000000211f000 Uncommon trap: reason=unreached action=reinterpret pc=0x0000000002834a60 method=io.xol.chunkstories.renderer.WeatherEffectsRenderer.generateRainForOneSecond()V @ 657
Event: 19.823 Thread 0x000000005a271000 Uncommon trap: reason=unstable_if action=reinterpret pc=0x000000000329833c method=io.xol.chunkstories.world.CubicChunk.doLightning(Z)V @ 1210
Event: 19.826 Thread 0x000000005a271000 Uncommon trap: reason=unstable_if action=reinterpret pc=0x0000000003375d58 method=io.xol.chunkstories.renderer.ChunksRenderer.shallBuildWallArround(Lio/xol/chunkstories/renderer/BlockRenderInfo;I)Z @ 56
Event: 19.826 Thread 0x000000005a271000 Uncommon trap: reason=unstable_if action=reinterpret pc=0x0000000002fee574 method=java.lang.Boolean.valueOf(Z)Ljava/lang/Boolean; @ 1
Event: 19.826 Thread 0x000000005a271000 Uncommon trap: reason=unstable_if action=reinterpret pc=0x0000000002c846b4 method=io.xol.chunkstories.renderer.ChunksRenderer.shallBuildWallArround(Lio/xol/chunkstories/renderer/BlockRenderInfo;I)Z @ 56
Event: 19.842 Thread 0x000000005a271000 Uncommon trap: reason=unstable_if action=reinterpret pc=0x00000000031ea128 method=io.xol.chunkstories.renderer.ChunksRenderer.shallBuildWallArround(Lio/xol/chunkstories/renderer/BlockRenderInfo;I)Z @ 56
Event: 19.852 Thread 0x000000005a271000 Uncommon trap: reason=unstable_if action=reinterpret pc=0x0000000002a6aa08 method=java.lang.Boolean.valueOf(Z)Ljava/lang/Boolean; @ 1
Event: 19.852 Thread 0x000000005a271000 Uncommon trap: reason=unstable_if action=reinterpret pc=0x000000000314053c method=java.lang.Boolean.valueOf(Z)Ljava/lang/Boolean; @ 1
Event: 20.534 Thread 0x000000005a271000 Uncommon trap: reason=unstable_if action=reinterpret pc=0x000000000331caf4 method=io.xol.chunkstories.world.CubicChunk.doLightning(Z)V @ 1210
Event: 21.776 Thread 0x000000005a271000 Uncommon trap: reason=unstable_if action=reinterpret pc=0x00000000034bcff8 method=io.xol.chunkstories.world.CubicChunk.doLightning(Z)V @ 1371

Internal exceptions (10 events):
Event: 1.473 Thread 0x000000000211f000 Exception <a 'java/security/PrivilegedActionException'> (0x00000000ec77f0b0) thrown at [C:\workspace\8-2-build-windows-amd64-cygwin\jdk8u65\4987\hotspot\src\share\vm\prims\jvm.cpp, line 1386]
Event: 1.473 Thread 0x000000000211f000 Exception <a 'java/security/PrivilegedActionException'> (0x00000000ec77fcd8) thrown at [C:\workspace\8-2-build-windows-amd64-cygwin\jdk8u65\4987\hotspot\src\share\vm\prims\jvm.cpp, line 1386]
Event: 1.473 Thread 0x000000000211f000 Exception <a 'java/security/PrivilegedActionException'> (0x00000000ec7811e0) thrown at [C:\workspace\8-2-build-windows-amd64-cygwin\jdk8u65\4987\hotspot\src\share\vm\prims\jvm.cpp, line 1386]
Event: 1.473 Thread 0x000000000211f000 Exception <a 'java/security/PrivilegedActionException'> (0x00000000ec781e38) thrown at [C:\workspace\8-2-build-windows-amd64-cygwin\jdk8u65\4987\hotspot\src\share\vm\prims\jvm.cpp, line 1386]
Event: 1.473 Thread 0x000000000211f000 Exception <a 'java/security/PrivilegedActionException'> (0x00000000ec782a60) thrown at [C:\workspace\8-2-build-windows-amd64-cygwin\jdk8u65\4987\hotspot\src\share\vm\prims\jvm.cpp, line 1386]
Event: 4.975 Thread 0x000000000211f000 Implicit null exception at 0x0000000002c358e6 to 0x0000000002c36135
Event: 5.029 Thread 0x000000000211f000 Implicit null exception at 0x0000000002c4b326 to 0x0000000002c4bb75
Event: 5.167 Thread 0x000000000211f000 Exception <a 'java/io/FileNotFoundException'> (0x00000000ec4eb838) thrown at [C:\workspace\8-2-build-windows-amd64-cygwin\jdk8u65\4987\hotspot\src\share\vm\prims\jni.cpp, line 709]
Event: 5.556 Thread 0x000000000211f000 Implicit null exception at 0x0000000002c091d1 to 0x0000000002c11c45
Event: 5.556 Thread 0x000000000211f000 Implicit null exception at 0x0000000002bf1407 to 0x0000000002bf63f1

Events (10 events):
Event: 23.483 Executing VM operation: ParallelGCFailedAllocation
Event: 23.505 Executing VM operation: ParallelGCFailedAllocation done
Event: 24.063 Executing VM operation: ParallelGCFailedAllocation
Event: 24.074 Executing VM operation: ParallelGCFailedAllocation done
Event: 24.629 Executing VM operation: ParallelGCFailedAllocation
Event: 24.639 Executing VM operation: ParallelGCFailedAllocation done
Event: 25.218 Executing VM operation: ParallelGCFailedAllocation
Event: 25.228 Executing VM operation: ParallelGCFailedAllocation done
Event: 25.818 Executing VM operation: ParallelGCFailedAllocation
Event: 25.830 Executing VM operation: ParallelGCFailedAllocation done


Dynamic libraries:
0x000000013fcf0000 - 0x000000013fd27000 	C:\Program Files\Java\jre1.8.0_65\bin\javaw.exe
0x0000000077280000 - 0x0000000077429000 	C:\Windows\SYSTEM32\ntdll.dll
0x0000000077060000 - 0x000000007717f000 	C:\Windows\system32\kernel32.dll
0x000007fefd360000 - 0x000007fefd3cb000 	C:\Windows\system32\KERNELBASE.dll
0x000007fefda70000 - 0x000007fefdb4b000 	C:\Windows\system32\ADVAPI32.dll
0x000007fefd9d0000 - 0x000007fefda6f000 	C:\Windows\system32\msvcrt.dll
0x000007fefebc0000 - 0x000007fefebdf000 	C:\Windows\SYSTEM32\sechost.dll
0x000007fefed60000 - 0x000007fefee8d000 	C:\Windows\system32\RPCRT4.dll
0x0000000077180000 - 0x000000007727a000 	C:\Windows\system32\USER32.dll
0x000007fefd8c0000 - 0x000007fefd927000 	C:\Windows\system32\GDI32.dll
0x000007fefd620000 - 0x000007fefd62e000 	C:\Windows\system32\LPK.dll
0x000007fefd630000 - 0x000007fefd6f9000 	C:\Windows\system32\USP10.dll
0x000007fefbb90000 - 0x000007fefbd84000 	C:\Windows\WinSxS\amd64_microsoft.windows.common-controls_6595b64144ccf1df_6.0.7601.17514_none_fa396087175ac9ac\COMCTL32.dll
0x000007fefd5a0000 - 0x000007fefd611000 	C:\Windows\system32\SHLWAPI.dll
0x000007fefdb50000 - 0x000007fefdb7e000 	C:\Windows\system32\IMM32.DLL
0x000007feff480000 - 0x000007feff589000 	C:\Windows\system32\MSCTF.dll
0x000000005e9c0000 - 0x000000005ea92000 	C:\Program Files\Java\jre1.8.0_65\bin\msvcr100.dll
0x0000000064280000 - 0x0000000064b09000 	C:\Program Files\Java\jre1.8.0_65\bin\server\jvm.dll
0x000007fefa220000 - 0x000007fefa229000 	C:\Windows\system32\WSOCK32.dll
0x000007fefdba0000 - 0x000007fefdbed000 	C:\Windows\system32\WS2_32.dll
0x000007fefd700000 - 0x000007fefd708000 	C:\Windows\system32\NSI.dll
0x000007fef9e00000 - 0x000007fef9e3b000 	C:\Windows\system32\WINMM.dll
0x000007fefc330000 - 0x000007fefc33c000 	C:\Windows\system32\VERSION.dll
0x0000000077450000 - 0x0000000077457000 	C:\Windows\system32\PSAPI.DLL
0x0000000065090000 - 0x000000006509f000 	C:\Program Files\Java\jre1.8.0_65\bin\verify.dll
0x0000000064170000 - 0x0000000064199000 	C:\Program Files\Java\jre1.8.0_65\bin\java.dll
0x000000005e980000 - 0x000000005e9b5000 	C:\Program Files\Java\jre1.8.0_65\bin\jdwp.dll
0x000000005e970000 - 0x000000005e978000 	C:\Program Files\Java\jre1.8.0_65\bin\npt.dll
0x0000000064150000 - 0x0000000064166000 	C:\Program Files\Java\jre1.8.0_65\bin\zip.dll
0x000007fefddd0000 - 0x000007fefeb58000 	C:\Windows\system32\SHELL32.dll
0x000007fefee90000 - 0x000007feff093000 	C:\Windows\system32\ole32.dll
0x000007fefd1d0000 - 0x000007fefd1df000 	C:\Windows\system32\profapi.dll
0x000000005e960000 - 0x000000005e969000 	C:\Program Files\Java\jre1.8.0_65\bin\dt_socket.dll
0x000007fef9eb0000 - 0x000007fef9ec5000 	C:\Windows\system32\NLAapi.dll
0x000007fef2d30000 - 0x000007fef2d45000 	C:\Windows\system32\napinsp.dll
0x000007fef2d10000 - 0x000007fef2d29000 	C:\Windows\system32\pnrpnsp.dll
0x000007fefca40000 - 0x000007fefca95000 	C:\Windows\System32\mswsock.dll
0x000007fefc8c0000 - 0x000007fefc91b000 	C:\Windows\system32\DNSAPI.dll
0x000007fef2d00000 - 0x000007fef2d0b000 	C:\Windows\System32\winrnr.dll
0x000007fef9730000 - 0x000007fef9757000 	C:\Windows\system32\IPHLPAPI.DLL
0x000007fef9720000 - 0x000007fef972b000 	C:\Windows\system32\WINNSI.DLL
0x000007fef95b0000 - 0x000007fef9603000 	C:\Windows\System32\fwpuclnt.dll
0x000007fef37c0000 - 0x000007fef37c8000 	C:\Windows\system32\rasadhlp.dll
0x000007fefc400000 - 0x000007fefc407000 	C:\Windows\System32\wshtcpip.dll
0x000000005e7c0000 - 0x000000005e958000 	C:\Program Files\Java\jre1.8.0_65\bin\awt.dll
0x000007feff0a0000 - 0x000007feff177000 	C:\Windows\system32\OLEAUT32.dll
0x0000000180000000 - 0x0000000180051000 	C:\Users\Hugo\workspace2\ChunkStories\lib\lwjgl\native\windows\lwjgl64.dll
0x000007fee6a80000 - 0x000007fee6b9d000 	C:\Windows\system32\OPENGL32.dll
0x000007feeb520000 - 0x000007feeb54d000 	C:\Windows\system32\GLU32.dll
0x000007fee7c90000 - 0x000007fee7d81000 	C:\Windows\system32\DDRAW.dll
0x000007fefbb60000 - 0x000007fefbb68000 	C:\Windows\system32\DCIMAN32.dll
0x000007fefdbf0000 - 0x000007fefddc7000 	C:\Windows\system32\SETUPAPI.dll
0x000007fefd280000 - 0x000007fefd2b6000 	C:\Windows\system32\CFGMGR32.dll
0x000007fefd580000 - 0x000007fefd59a000 	C:\Windows\system32\DEVOBJ.dll
0x000007fefb550000 - 0x000007fefb568000 	C:\Windows\system32\dwmapi.dll
0x0000000002220000 - 0x0000000002284000 	C:\Users\Hugo\workspace2\ChunkStories\lib\lwjgl\native\windows\OpenAL64.dll
0x000007fefd100000 - 0x000007fefd10f000 	C:\Windows\system32\CRYPTBASE.dll
0x000007fefb980000 - 0x000007fefb9d6000 	C:\Windows\system32\uxtheme.dll
0x000007fefd930000 - 0x000007fefd9c9000 	C:\Windows\system32\CLBCatQ.DLL
0x000007fefba10000 - 0x000007fefbb3c000 	C:\Windows\System32\PROPSYS.dll
0x000007fefd3d0000 - 0x000007fefd40a000 	C:\Windows\system32\WINTRUST.dll
0x000007fefd410000 - 0x000007fefd577000 	C:\Windows\system32\CRYPT32.dll
0x000007fefd270000 - 0x000007fefd27f000 	C:\Windows\system32\MSASN1.dll
0x000007fee77e0000 - 0x000007fee7868000 	C:\Windows\system32\dsound.dll
0x000007fefb3b0000 - 0x000007fefb3dc000 	C:\Windows\system32\POWRPROF.dll
0x000007fefb570000 - 0x000007fefb5bb000 	C:\Windows\System32\MMDevApi.dll
0x000007fef9bf0000 - 0x000007fef9c3f000 	C:\Windows\system32\AUDIOSES.DLL
0x000007feeb8f0000 - 0x000007feeb908000 	C:\Windows\system32\atig6pxx.dll
0x000000005b950000 - 0x000000005d7e7000 	C:\Windows\system32\atio6axx.dll
0x000007feebcf0000 - 0x000007feebe38000 	C:\Windows\system32\atiadlxx.dll
0x000007fefc520000 - 0x000007fefc53e000 	C:\Windows\system32\USERENV.dll
0x000007fefc160000 - 0x000007fefc171000 	C:\Windows\system32\WTSAPI32.dll
0x000007feeb240000 - 0x000007feeb26c000 	C:\Windows\system32\atig6txx.dll
0x000007fee6c20000 - 0x000007fee6cbc000 	C:\Windows\system32\mscms.dll
0x000007fee7790000 - 0x000007fee77d2000 	C:\Windows\system32\icm32.dll
0x000007fefd0a0000 - 0x000007fefd0f7000 	C:\Windows\system32\apphelp.dll
0x0000000064130000 - 0x000000006414a000 	C:\Program Files\Java\jre1.8.0_65\bin\net.dll
0x000007fefca30000 - 0x000007fefca37000 	C:\Windows\System32\wship6.dll
0x000007fefcc90000 - 0x000007fefcca7000 	C:\Windows\system32\CRYPTSP.dll
0x000007fefc780000 - 0x000007fefc7c7000 	C:\Windows\system32\rsaenh.dll
0x000007fef9520000 - 0x000007fef9531000 	C:\Windows\system32\dhcpcsvc6.DLL
0x000007fef9500000 - 0x000007fef9518000 	C:\Windows\system32\dhcpcsvc.DLL
0x0000000012110000 - 0x0000000012121000 	C:\Program Files\Java\jre1.8.0_65\bin\nio.dll
0x000000005e5f0000 - 0x000000005e637000 	C:\Program Files\Java\jre1.8.0_65\bin\fontmanager.dll
0x000007feecf60000 - 0x000007feed15f000 	C:\Windows\system32\d3d9.dll
0x000007fef1a30000 - 0x000007fef1a37000 	C:\Windows\system32\d3d8thk.dll
0x000007feee940000 - 0x000007feeeaaf000 	C:\Windows\system32\aticfx64.dll
0x000007feeac10000 - 0x000007feeac31000 	C:\Windows\system32\atiu9p64.dll
0x000007fee7e70000 - 0x000007fee88cb000 	C:\Windows\system32\atiumd64.dll
0x00000000655b0000 - 0x0000000065e54000 	C:\Windows\system32\atiumd6a.dll
0x0000000056110000 - 0x0000000056152000 	C:\Program Files\Java\jre1.8.0_65\bin\t2k.dll
0x00000000122a0000 - 0x00000000122cd000 	C:\Users\Hugo\AppData\Local\Temp\liblz4-java2961167949725282028.so
0x000007fef2260000 - 0x000007fef2385000 	C:\Windows\system32\dbghelp.dll

VM Arguments:
jvm_args: -agentlib:jdwp=transport=dt_socket,suspend=y,address=localhost:50986 -Xmx1G -Dfile.encoding=Cp1252 
java_command: io.xol.chunkstories.client.Client
java_class_path (initial): C:\Users\Hugo\workspace2\ChunkStories\bin;C:\Users\Hugo\workspace2\ChunkStories\lib\lwjgl\jar\jinput.jar;C:\Users\Hugo\workspace2\ChunkStories\lib\lwjgl\jar\lwjgl_util.jar;C:\Users\Hugo\workspace2\ChunkStories\lib\lwjgl\jar\lwjgl.jar;C:\Users\Hugo\workspace2\ChunkStories\lib\commons-codec-1.9.jar;C:\Users\Hugo\workspace2\ChunkStories\lib\ibxm.jar;C:\Users\Hugo\workspace2\ChunkStories\lib\lz4-1.3.0.jar;C:\Users\Hugo\workspace2\ChunkStories\lib\PNGDecoder.jar;C:\Users\Hugo\workspace2\ChunkStories\lib\jorbis.jar
Launcher Type: SUN_STANDARD

Environment Variables:
PATH=C:/Program Files/Java/jre1.8.0_65/bin/server;C:/Program Files/Java/jre1.8.0_65/bin;C:/Program Files/Java/jre1.8.0_65/lib/amd64;C:\ProgramData\Oracle\Java\javapath;C:\Windows\system32;C:\Windows;C:\Windows\System32\Wbem;C:\Windows\System32\WindowsPowerShell\v1.0\;C:\Program Files (x86)\Skype\Phone\;C:\Program Files\TortoiseSVN\bin;C:\Users\Hugo\Documents\eclipse;
USERNAME=Hugo
OS=Windows_NT
PROCESSOR_IDENTIFIER=AMD64 Family 21 Model 1 Stepping 2, AuthenticAMD



---------------  S Y S T E M  ---------------

OS: Windows 7 , 64 bit Build 7601 (6.1.7601.17514)

CPU:total 4 (4 cores per cpu, 1 threads per core) family 21 model 1 stepping 2, cmov, cx8, fxsr, mmx, sse, sse2, sse3, ssse3, sse4.1, sse4.2, popcnt, avx, aes, clmul, mmxext, 3dnowpref, lzcnt, sse4a, tsc, tscinvbit, tscinv

Memory: 4k page, physical 8370296k(3831096k free), swap 16738748k(10794440k free)

vm_info: Java HotSpot(TM) 64-Bit Server VM (25.65-b01) for windows-amd64 JRE (1.8.0_65-b17), built on Oct  6 2015 16:39:20 by "java_re" with MS VC++ 10.0 (VS2010)

time: Thu Jan 21 19:53:34 2016
elapsed time: 26 seconds (0d 0h 0m 26s)

